==========================[ Corrupt server started ]==========================
Accepted inbound connection
Client sent data: 1
Client sent data: 2,128
==========================[ BLAST START ]==========================
ADDRESS: 46935527 MEM_SIZE: 134217728 REPLACEMENT_VALUE: 39
ADDRESS: 82589733 MEM_SIZE: 134217728 REPLACEMENT_VALUE: 249
ADDRESS: 61834836 MEM_SIZE: 134217728 REPLACEMENT_VALUE: 146
ADDRESS: 61834032 MEM_SIZE: 134217728 REPLACEMENT_VALUE: 179
ADDRESS: 133655854 MEM_SIZE: 134217728 REPLACEMENT_VALUE: 181
ADDRESS: 86952323 MEM_SIZE: 134217728 REPLACEMENT_VALUE: 65
ADDRESS: 114236592 MEM_SIZE: 134217728 REPLACEMENT_VALUE: 5
ADDRESS: 62214935 MEM_SIZE: 134217728 REPLACEMENT_VALUE: 201
ADDRESS: 105046636 MEM_SIZE: 134217728 REPLACEMENT_VALUE: 151
ADDRESS: 4741200 MEM_SIZE: 134217728 REPLACEMENT_VALUE: 97
ADDRESS: 78514879 MEM_SIZE: 134217728 REPLACEMENT_VALUE: 191
ADDRESS: 42128984 MEM_SIZE: 134217728 REPLACEMENT_VALUE: 96
ADDRESS: 33827933 MEM_SIZE: 134217728 REPLACEMENT_VALUE: 18
ADDRESS: 37392832 MEM_SIZE: 134217728 REPLACEMENT_VALUE: 96
ADDRESS: 48140076 MEM_SIZE: 134217728 REPLACEMENT_VALUE: 189
ADDRESS: 69954973 MEM_SIZE: 134217728 REPLACEMENT_VALUE: 240
ADDRESS: 48581991 MEM_SIZE: 134217728 REPLACEMENT_VALUE: 176
ADDRESS: 84365501 MEM_SIZE: 134217728 REPLACEMENT_VALUE: 67
ADDRESS: 81826922 MEM_SIZE: 134217728 REPLACEMENT_VALUE: 176
ADDRESS: 119375579 MEM_SIZE: 134217728 REPLACEMENT_VALUE: 222
ADDRESS: 98314220 MEM_SIZE: 134217728 REPLACEMENT_VALUE: 87
ADDRESS: 78770145 MEM_SIZE: 134217728 REPLACEMENT_VALUE: 176
ADDRESS: 110608238 MEM_SIZE: 134217728 REPLACEMENT_VALUE: 243
ADDRESS: 2933227 MEM_SIZE: 134217728 REPLACEMENT_VALUE: 171
ADDRESS: 131193710 MEM_SIZE: 134217728 REPLACEMENT_VALUE: 210
ADDRESS: 122758383 MEM_SIZE: 134217728 REPLACEMENT_VALUE: 215
ADDRESS: 11820894 MEM_SIZE: 134217728 REPLACEMENT_VALUE: 129
ADDRESS: 110966700 MEM_SIZE: 134217728 REPLACEMENT_VALUE: 83
ADDRESS: 2561486 MEM_SIZE: 134217728 REPLACEMENT_VALUE: 102
ADDRESS: 85494698 MEM_SIZE: 134217728 REPLACEMENT_VALUE: 223
ADDRESS: 107640804 MEM_SIZE: 134217728 REPLACEMENT_VALUE: 141
ADDRESS: 11559438 MEM_SIZE: 134217728 REPLACEMENT_VALUE: 137
ADDRESS: 39558921 MEM_SIZE: 134217728 REPLACEMENT_VALUE: 59
ADDRESS: 132421895 MEM_SIZE: 134217728 REPLACEMENT_VALUE: 2
ADDRESS: 107906745 MEM_SIZE: 134217728 REPLACEMENT_VALUE: 67
ADDRESS: 68433163 MEM_SIZE: 134217728 REPLACEMENT_VALUE: 210
ADDRESS: 55472192 MEM_SIZE: 134217728 REPLACEMENT_VALUE: 1
ADDRESS: 16118594 MEM_SIZE: 134217728 REPLACEMENT_VALUE: 246
ADDRESS: 19752934 MEM_SIZE: 134217728 REPLACEMENT_VALUE: 126
ADDRESS: 113299849 MEM_SIZE: 134217728 REPLACEMENT_VALUE: 0
ADDRESS: 26726249 MEM_SIZE: 134217728 REPLACEMENT_VALUE: 175
ADDRESS: 92219777 MEM_SIZE: 134217728 REPLACEMENT_VALUE: 100
ADDRESS: 132510145 MEM_SIZE: 134217728 REPLACEMENT_VALUE: 15
ADDRESS: 84195971 MEM_SIZE: 134217728 REPLACEMENT_VALUE: 195
ADDRESS: 83110553 MEM_SIZE: 134217728 REPLACEMENT_VALUE: 234
ADDRESS: 51555466 MEM_SIZE: 134217728 REPLACEMENT_VALUE: 153
ADDRESS: 56704884 MEM_SIZE: 134217728 REPLACEMENT_VALUE: 117
ADDRESS: 78538697 MEM_SIZE: 134217728 REPLACEMENT_VALUE: 55
ADDRESS: 24822115 MEM_SIZE: 134217728 REPLACEMENT_VALUE: 112
ADDRESS: 83431921 MEM_SIZE: 134217728 REPLACEMENT_VALUE: 157
ADDRESS: 60104883 MEM_SIZE: 134217728 REPLACEMENT_VALUE: 154
ADDRESS: 70514370 MEM_SIZE: 134217728 REPLACEMENT_VALUE: 206
ADDRESS: 30632938 MEM_SIZE: 134217728 REPLACEMENT_VALUE: 117
ADDRESS: 13222050 MEM_SIZE: 134217728 REPLACEMENT_VALUE: 16
ADDRESS: 105684785 MEM_SIZE: 134217728 REPLACEMENT_VALUE: 104
ADDRESS: 67114788 MEM_SIZE: 134217728 REPLACEMENT_VALUE: 69
ADDRESS: 94144677 MEM_SIZE: 134217728 REPLACEMENT_VALUE: 102
ADDRESS: 36740450 MEM_SIZE: 134217728 REPLACEMENT_VALUE: 200
ADDRESS: 94085586 MEM_SIZE: 134217728 REPLACEMENT_VALUE: 225
ADDRESS: 93290997 MEM_SIZE: 134217728 REPLACEMENT_VALUE: 233
ADDRESS: 22191635 MEM_SIZE: 134217728 REPLACEMENT_VALUE: 176
ADDRESS: 99512041 MEM_SIZE: 134217728 REPLACEMENT_VALUE: 69
ADDRESS: 73743639 MEM_SIZE: 134217728 REPLACEMENT_VALUE: 40
ADDRESS: 40942597 MEM_SIZE: 134217728 REPLACEMENT_VALUE: 215
ADDRESS: 120575874 MEM_SIZE: 134217728 REPLACEMENT_VALUE: 54
ADDRESS: 97076887 MEM_SIZE: 134217728 REPLACEMENT_VALUE: 77
ADDRESS: 7804148 MEM_SIZE: 134217728 REPLACEMENT_VALUE: 229
ADDRESS: 27822377 MEM_SIZE: 134217728 REPLACEMENT_VALUE: 235
ADDRESS: 120006493 MEM_SIZE: 134217728 REPLACEMENT_VALUE: 225
ADDRESS: 88822958 MEM_SIZE: 134217728 REPLACEMENT_VALUE: 206
ADDRESS: 33348599 MEM_SIZE: 134217728 REPLACEMENT_VALUE: 138
ADDRESS: 89666857 MEM_SIZE: 134217728 REPLACEMENT_VALUE: 225
ADDRESS: 46836855 MEM_SIZE: 134217728 REPLACEMENT_VALUE: 62
ADDRESS: 85712642 MEM_SIZE: 134217728 REPLACEMENT_VALUE: 102
ADDRESS: 113126001 MEM_SIZE: 134217728 REPLACEMENT_VALUE: 55
ADDRESS: 49683124 MEM_SIZE: 134217728 REPLACEMENT_VALUE: 109
ADDRESS: 55414647 MEM_SIZE: 134217728 REPLACEMENT_VALUE: 84
ADDRESS: 79996427 MEM_SIZE: 134217728 REPLACEMENT_VALUE: 142
ADDRESS: 58810447 MEM_SIZE: 134217728 REPLACEMENT_VALUE: 175
ADDRESS: 93506314 MEM_SIZE: 134217728 REPLACEMENT_VALUE: 22
ADDRESS: 111095816 MEM_SIZE: 134217728 REPLACEMENT_VALUE: 90
ADDRESS: 91631623 MEM_SIZE: 134217728 REPLACEMENT_VALUE: 182
ADDRESS: 89739003 MEM_SIZE: 134217728 REPLACEMENT_VALUE: 127
ADDRESS: 23119322 MEM_SIZE: 134217728 REPLACEMENT_VALUE: 155
ADDRESS: 26280700 MEM_SIZE: 134217728 REPLACEMENT_VALUE: 157
ADDRESS: 32783591 MEM_SIZE: 134217728 REPLACEMENT_VALUE: 171
ADDRESS: 133662298 MEM_SIZE: 134217728 REPLACEMENT_VALUE: 254
ADDRESS: 52904848 MEM_SIZE: 134217728 REPLACEMENT_VALUE: 25
ADDRESS: 114640028 MEM_SIZE: 134217728 REPLACEMENT_VALUE: 56
ADDRESS: 52986138 MEM_SIZE: 134217728 REPLACEMENT_VALUE: 93
ADDRESS: 49185674 MEM_SIZE: 134217728 REPLACEMENT_VALUE: 206
ADDRESS: 94648209 MEM_SIZE: 134217728 REPLACEMENT_VALUE: 87
ADDRESS: 117646700 MEM_SIZE: 134217728 REPLACEMENT_VALUE: 253
ADDRESS: 99540881 MEM_SIZE: 134217728 REPLACEMENT_VALUE: 32
ADDRESS: 27148206 MEM_SIZE: 134217728 REPLACEMENT_VALUE: 202
ADDRESS: 87408013 MEM_SIZE: 134217728 REPLACEMENT_VALUE: 147
ADDRESS: 115194940 MEM_SIZE: 134217728 REPLACEMENT_VALUE: 153
ADDRESS: 122926258 MEM_SIZE: 134217728 REPLACEMENT_VALUE: 229
ADDRESS: 30058181 MEM_SIZE: 134217728 REPLACEMENT_VALUE: 235
ADDRESS: 12026256 MEM_SIZE: 134217728 REPLACEMENT_VALUE: 249
ADDRESS: 123770132 MEM_SIZE: 134217728 REPLACEMENT_VALUE: 235
ADDRESS: 115968181 MEM_SIZE: 134217728 REPLACEMENT_VALUE: 49
ADDRESS: 33042568 MEM_SIZE: 134217728 REPLACEMENT_VALUE: 52
ADDRESS: 35278399 MEM_SIZE: 134217728 REPLACEMENT_VALUE: 168
ADDRESS: 39055063 MEM_SIZE: 134217728 REPLACEMENT_VALUE: 200
ADDRESS: 107013170 MEM_SIZE: 134217728 REPLACEMENT_VALUE: 92
ADDRESS: 56716071 MEM_SIZE: 134217728 REPLACEMENT_VALUE: 81
ADDRESS: 58623332 MEM_SIZE: 134217728 REPLACEMENT_VALUE: 186
ADDRESS: 107870561 MEM_SIZE: 134217728 REPLACEMENT_VALUE: 25
ADDRESS: 82384463 MEM_SIZE: 134217728 REPLACEMENT_VALUE: 124
ADDRESS: 82775952 MEM_SIZE: 134217728 REPLACEMENT_VALUE: 17
ADDRESS: 4827333 MEM_SIZE: 134217728 REPLACEMENT_VALUE: 136
ADDRESS: 80396657 MEM_SIZE: 134217728 REPLACEMENT_VALUE: 217
ADDRESS: 251652 MEM_SIZE: 134217728 REPLACEMENT_VALUE: 67
ADDRESS: 5363715 MEM_SIZE: 134217728 REPLACEMENT_VALUE: 240
ADDRESS: 32575992 MEM_SIZE: 134217728 REPLACEMENT_VALUE: 78
ADDRESS: 57087755 MEM_SIZE: 134217728 REPLACEMENT_VALUE: 99
ADDRESS: 118130821 MEM_SIZE: 134217728 REPLACEMENT_VALUE: 72
ADDRESS: 48981746 MEM_SIZE: 134217728 REPLACEMENT_VALUE: 200
ADDRESS: 103595193 MEM_SIZE: 134217728 REPLACEMENT_VALUE: 132
ADDRESS: 107456029 MEM_SIZE: 134217728 REPLACEMENT_VALUE: 118
ADDRESS: 42059820 MEM_SIZE: 134217728 REPLACEMENT_VALUE: 40
ADDRESS: 9616559 MEM_SIZE: 134217728 REPLACEMENT_VALUE: 20
ADDRESS: 70099416 MEM_SIZE: 134217728 REPLACEMENT_VALUE: 22
ADDRESS: 124629637 MEM_SIZE: 134217728 REPLACEMENT_VALUE: 63
ADDRESS: 118288159 MEM_SIZE: 134217728 REPLACEMENT_VALUE: 144
ADDRESS: 53840899 MEM_SIZE: 134217728 REPLACEMENT_VALUE: 34
ADDRESS: 2723297 MEM_SIZE: 134217728 REPLACEMENT_VALUE: 250
==========================[ BLAST END ]==========================
Client sent data: 2,200
==========================[ BLAST START ]==========================
ADDRESS: 95650217 MEM_SIZE: 134217728 REPLACEMENT_VALUE: 116
ADDRESS: 5802122 MEM_SIZE: 134217728 REPLACEMENT_VALUE: 205
ADDRESS: 125167498 MEM_SIZE: 134217728 REPLACEMENT_VALUE: 176
ADDRESS: 33762938 MEM_SIZE: 134217728 REPLACEMENT_VALUE: 51
ADDRESS: 118440133 MEM_SIZE: 134217728 REPLACEMENT_VALUE: 235
ADDRESS: 27547904 MEM_SIZE: 134217728 REPLACEMENT_VALUE: 85
ADDRESS: 12737853 MEM_SIZE: 134217728 REPLACEMENT_VALUE: 81
ADDRESS: 18394242 MEM_SIZE: 134217728 REPLACEMENT_VALUE: 241
ADDRESS: 121646403 MEM_SIZE: 134217728 REPLACEMENT_VALUE: 47
ADDRESS: 134127059 MEM_SIZE: 134217728 REPLACEMENT_VALUE: 251
ADDRESS: 26143942 MEM_SIZE: 134217728 REPLACEMENT_VALUE: 219
ADDRESS: 116296956 MEM_SIZE: 134217728 REPLACEMENT_VALUE: 240
ADDRESS: 7573113 MEM_SIZE: 134217728 REPLACEMENT_VALUE: 245
ADDRESS: 120551919 MEM_SIZE: 134217728 REPLACEMENT_VALUE: 60
ADDRESS: 41725597 MEM_SIZE: 134217728 REPLACEMENT_VALUE: 221
ADDRESS: 22963535 MEM_SIZE: 134217728 REPLACEMENT_VALUE: 32
ADDRESS: 102606623 MEM_SIZE: 134217728 REPLACEMENT_VALUE: 199
ADDRESS: 24943842 MEM_SIZE: 134217728 REPLACEMENT_VALUE: 248
ADDRESS: 3325232 MEM_SIZE: 134217728 REPLACEMENT_VALUE: 202
ADDRESS: 242996 MEM_SIZE: 134217728 REPLACEMENT_VALUE: 156
ADDRESS: 88422125 MEM_SIZE: 134217728 REPLACEMENT_VALUE: 92
ADDRESS: 107898423 MEM_SIZE: 134217728 REPLACEMENT_VALUE: 4
ADDRESS: 111513992 MEM_SIZE: 134217728 REPLACEMENT_VALUE: 98
ADDRESS: 103604832 MEM_SIZE: 134217728 REPLACEMENT_VALUE: 133
ADDRESS: 23374592 MEM_SIZE: 134217728 REPLACEMENT_VALUE: 6
ADDRESS: 3028708 MEM_SIZE: 134217728 REPLACEMENT_VALUE: 132
ADDRESS: 72235541 MEM_SIZE: 134217728 REPLACEMENT_VALUE: 64
ADDRESS: 7458229 MEM_SIZE: 134217728 REPLACEMENT_VALUE: 117
ADDRESS: 66116327 MEM_SIZE: 134217728 REPLACEMENT_VALUE: 189
ADDRESS: 33502228 MEM_SIZE: 134217728 REPLACEMENT_VALUE: 233
ADDRESS: 126060871 MEM_SIZE: 134217728 REPLACEMENT_VALUE: 125
ADDRESS: 111000011 MEM_SIZE: 134217728 REPLACEMENT_VALUE: 110
ADDRESS: 85231420 MEM_SIZE: 134217728 REPLACEMENT_VALUE: 118
ADDRESS: 53788432 MEM_SIZE: 134217728 REPLACEMENT_VALUE: 62
ADDRESS: 60432905 MEM_SIZE: 134217728 REPLACEMENT_VALUE: 20
ADDRESS: 76104290 MEM_SIZE: 134217728 REPLACEMENT_VALUE: 119
ADDRESS: 81822329 MEM_SIZE: 134217728 REPLACEMENT_VALUE: 76
ADDRESS: 115797281 MEM_SIZE: 134217728 REPLACEMENT_VALUE: 158
ADDRESS: 41859923 MEM_SIZE: 134217728 REPLACEMENT_VALUE: 113
ADDRESS: 23843532 MEM_SIZE: 134217728 REPLACEMENT_VALUE: 192
ADDRESS: 54480821 MEM_SIZE: 134217728 REPLACEMENT_VALUE: 165
ADDRESS: 114753050 MEM_SIZE: 134217728 REPLACEMENT_VALUE: 89
ADDRESS: 11980176 MEM_SIZE: 134217728 REPLACEMENT_VALUE: 59
ADDRESS: 72307288 MEM_SIZE: 134217728 REPLACEMENT_VALUE: 28
ADDRESS: 116003700 MEM_SIZE: 134217728 REPLACEMENT_VALUE: 127
ADDRESS: 51720700 MEM_SIZE: 134217728 REPLACEMENT_VALUE: 21
ADDRESS: 28057551 MEM_SIZE: 134217728 REPLACEMENT_VALUE: 143
ADDRESS: 68078883 MEM_SIZE: 134217728 REPLACEMENT_VALUE: 194
ADDRESS: 30229109 MEM_SIZE: 134217728 REPLACEMENT_VALUE: 106
ADDRESS: 67627897 MEM_SIZE: 134217728 REPLACEMENT_VALUE: 199
ADDRESS: 41681016 MEM_SIZE: 134217728 REPLACEMENT_VALUE: 218
ADDRESS: 105299317 MEM_SIZE: 134217728 REPLACEMENT_VALUE: 239
ADDRESS: 59299445 MEM_SIZE: 134217728 REPLACEMENT_VALUE: 187
ADDRESS: 48404210 MEM_SIZE: 134217728 REPLACEMENT_VALUE: 215
ADDRESS: 37845527 MEM_SIZE: 134217728 REPLACEMENT_VALUE: 178
ADDRESS: 32176155 MEM_SIZE: 134217728 REPLACEMENT_VALUE: 37
ADDRESS: 99119982 MEM_SIZE: 134217728 REPLACEMENT_VALUE: 94
ADDRESS: 84824983 MEM_SIZE: 134217728 REPLACEMENT_VALUE: 61
ADDRESS: 705029 MEM_SIZE: 134217728 REPLACEMENT_VALUE: 77
ADDRESS: 54978934 MEM_SIZE: 134217728 REPLACEMENT_VALUE: 146
ADDRESS: 128724060 MEM_SIZE: 134217728 REPLACEMENT_VALUE: 96
ADDRESS: 90337845 MEM_SIZE: 134217728 REPLACEMENT_VALUE: 74
ADDRESS: 984889 MEM_SIZE: 134217728 REPLACEMENT_VALUE: 42
ADDRESS: 1635128 MEM_SIZE: 134217728 REPLACEMENT_VALUE: 245
ADDRESS: 11848588 MEM_SIZE: 134217728 REPLACEMENT_VALUE: 13
ADDRESS: 121876013 MEM_SIZE: 134217728 REPLACEMENT_VALUE: 20
ADDRESS: 78777484 MEM_SIZE: 134217728 REPLACEMENT_VALUE: 253
ADDRESS: 42815221 MEM_SIZE: 134217728 REPLACEMENT_VALUE: 143
ADDRESS: 45618744 MEM_SIZE: 134217728 REPLACEMENT_VALUE: 146
ADDRESS: 105018569 MEM_SIZE: 134217728 REPLACEMENT_VALUE: 229
ADDRESS: 29249445 MEM_SIZE: 134217728 REPLACEMENT_VALUE: 127
ADDRESS: 41572892 MEM_SIZE: 134217728 REPLACEMENT_VALUE: 156
ADDRESS: 15688474 MEM_SIZE: 134217728 REPLACEMENT_VALUE: 10
ADDRESS: 105251857 MEM_SIZE: 134217728 REPLACEMENT_VALUE: 119
ADDRESS: 15094692 MEM_SIZE: 134217728 REPLACEMENT_VALUE: 51
ADDRESS: 133102233 MEM_SIZE: 134217728 REPLACEMENT_VALUE: 35
ADDRESS: 132712697 MEM_SIZE: 134217728 REPLACEMENT_VALUE: 177
ADDRESS: 32164908 MEM_SIZE: 134217728 REPLACEMENT_VALUE: 131
ADDRESS: 113421351 MEM_SIZE: 134217728 REPLACEMENT_VALUE: 121
ADDRESS: 30693857 MEM_SIZE: 134217728 REPLACEMENT_VALUE: 241
ADDRESS: 103063061 MEM_SIZE: 134217728 REPLACEMENT_VALUE: 55
ADDRESS: 44581815 MEM_SIZE: 134217728 REPLACEMENT_VALUE: 110
ADDRESS: 111309744 MEM_SIZE: 134217728 REPLACEMENT_VALUE: 137
ADDRESS: 51482019 MEM_SIZE: 134217728 REPLACEMENT_VALUE: 237
ADDRESS: 44398739 MEM_SIZE: 134217728 REPLACEMENT_VALUE: 228
ADDRESS: 106175032 MEM_SIZE: 134217728 REPLACEMENT_VALUE: 224
ADDRESS: 25259858 MEM_SIZE: 134217728 REPLACEMENT_VALUE: 223
ADDRESS: 67799883 MEM_SIZE: 134217728 REPLACEMENT_VALUE: 193
ADDRESS: 5710344 MEM_SIZE: 134217728 REPLACEMENT_VALUE: 86
ADDRESS: 57341836 MEM_SIZE: 134217728 REPLACEMENT_VALUE: 192
ADDRESS: 64847076 MEM_SIZE: 134217728 REPLACEMENT_VALUE: 196
ADDRESS: 30406061 MEM_SIZE: 134217728 REPLACEMENT_VALUE: 157
ADDRESS: 11230963 MEM_SIZE: 134217728 REPLACEMENT_VALUE: 209
ADDRESS: 62821904 MEM_SIZE: 134217728 REPLACEMENT_VALUE: 210
ADDRESS: 96371006 MEM_SIZE: 134217728 REPLACEMENT_VALUE: 154
ADDRESS: 115704525 MEM_SIZE: 134217728 REPLACEMENT_VALUE: 209
ADDRESS: 111867904 MEM_SIZE: 134217728 REPLACEMENT_VALUE: 74
ADDRESS: 112839157 MEM_SIZE: 134217728 REPLACEMENT_VALUE: 135
ADDRESS: 113465648 MEM_SIZE: 134217728 REPLACEMENT_VALUE: 189
ADDRESS: 111670681 MEM_SIZE: 134217728 REPLACEMENT_VALUE: 111
ADDRESS: 52386310 MEM_SIZE: 134217728 REPLACEMENT_VALUE: 74
ADDRESS: 97294843 MEM_SIZE: 134217728 REPLACEMENT_VALUE: 7
ADDRESS: 97158182 MEM_SIZE: 134217728 REPLACEMENT_VALUE: 76
ADDRESS: 118594500 MEM_SIZE: 134217728 REPLACEMENT_VALUE: 20
ADDRESS: 69711011 MEM_SIZE: 134217728 REPLACEMENT_VALUE: 130
ADDRESS: 123673563 MEM_SIZE: 134217728 REPLACEMENT_VALUE: 46
ADDRESS: 97944949 MEM_SIZE: 134217728 REPLACEMENT_VALUE: 58
ADDRESS: 63682404 MEM_SIZE: 134217728 REPLACEMENT_VALUE: 62
ADDRESS: 82432865 MEM_SIZE: 134217728 REPLACEMENT_VALUE: 108
ADDRESS: 99610499 MEM_SIZE: 134217728 REPLACEMENT_VALUE: 214
ADDRESS: 85802343 MEM_SIZE: 134217728 REPLACEMENT_VALUE: 213
ADDRESS: 109802483 MEM_SIZE: 134217728 REPLACEMENT_VALUE: 216
ADDRESS: 107165909 MEM_SIZE: 134217728 REPLACEMENT_VALUE: 232
ADDRESS: 18194712 MEM_SIZE: 134217728 REPLACEMENT_VALUE: 243
ADDRESS: 118527361 MEM_SIZE: 134217728 REPLACEMENT_VALUE: 86
ADDRESS: 110060489 MEM_SIZE: 134217728 REPLACEMENT_VALUE: 200
ADDRESS: 79275651 MEM_SIZE: 134217728 REPLACEMENT_VALUE: 51
ADDRESS: 114342111 MEM_SIZE: 134217728 REPLACEMENT_VALUE: 202
ADDRESS: 104014603 MEM_SIZE: 134217728 REPLACEMENT_VALUE: 25
ADDRESS: 10866904 MEM_SIZE: 134217728 REPLACEMENT_VALUE: 35
ADDRESS: 6219764 MEM_SIZE: 134217728 REPLACEMENT_VALUE: 180
ADDRESS: 39848245 MEM_SIZE: 134217728 REPLACEMENT_VALUE: 99
ADDRESS: 20184635 MEM_SIZE: 134217728 REPLACEMENT_VALUE: 156
ADDRESS: 79122899 MEM_SIZE: 134217728 REPLACEMENT_VALUE: 249
ADDRESS: 95817231 MEM_SIZE: 134217728 REPLACEMENT_VALUE: 177
ADDRESS: 12985916 MEM_SIZE: 134217728 REPLACEMENT_VALUE: 16
ADDRESS: 125612967 MEM_SIZE: 134217728 REPLACEMENT_VALUE: 122
ADDRESS: 110854365 MEM_SIZE: 134217728 REPLACEMENT_VALUE: 167
ADDRESS: 76994583 MEM_SIZE: 134217728 REPLACEMENT_VALUE: 73
ADDRESS: 50757251 MEM_SIZE: 134217728 REPLACEMENT_VALUE: 10
ADDRESS: 124696744 MEM_SIZE: 134217728 REPLACEMENT_VALUE: 253
ADDRESS: 98000160 MEM_SIZE: 134217728 REPLACEMENT_VALUE: 190
ADDRESS: 99737617 MEM_SIZE: 134217728 REPLACEMENT_VALUE: 35
ADDRESS: 111970773 MEM_SIZE: 134217728 REPLACEMENT_VALUE: 177
ADDRESS: 42625700 MEM_SIZE: 134217728 REPLACEMENT_VALUE: 105
ADDRESS: 109042379 MEM_SIZE: 134217728 REPLACEMENT_VALUE: 214
ADDRESS: 123160416 MEM_SIZE: 134217728 REPLACEMENT_VALUE: 38
ADDRESS: 18792450 MEM_SIZE: 134217728 REPLACEMENT_VALUE: 140
ADDRESS: 118203547 MEM_SIZE: 134217728 REPLACEMENT_VALUE: 218
ADDRESS: 111744823 MEM_SIZE: 134217728 REPLACEMENT_VALUE: 75
ADDRESS: 8213292 MEM_SIZE: 134217728 REPLACEMENT_VALUE: 87
ADDRESS: 127204896 MEM_SIZE: 134217728 REPLACEMENT_VALUE: 20
ADDRESS: 113301410 MEM_SIZE: 134217728 REPLACEMENT_VALUE: 194
ADDRESS: 98169680 MEM_SIZE: 134217728 REPLACEMENT_VALUE: 53
ADDRESS: 98672883 MEM_SIZE: 134217728 REPLACEMENT_VALUE: 86
ADDRESS: 117382483 MEM_SIZE: 134217728 REPLACEMENT_VALUE: 170
ADDRESS: 41309216 MEM_SIZE: 134217728 REPLACEMENT_VALUE: 17
ADDRESS: 24688839 MEM_SIZE: 134217728 REPLACEMENT_VALUE: 6
ADDRESS: 25071731 MEM_SIZE: 134217728 REPLACEMENT_VALUE: 116
ADDRESS: 76363598 MEM_SIZE: 134217728 REPLACEMENT_VALUE: 111
ADDRESS: 125279561 MEM_SIZE: 134217728 REPLACEMENT_VALUE: 140
ADDRESS: 116542896 MEM_SIZE: 134217728 REPLACEMENT_VALUE: 123
ADDRESS: 65861147 MEM_SIZE: 134217728 REPLACEMENT_VALUE: 1
ADDRESS: 123349572 MEM_SIZE: 134217728 REPLACEMENT_VALUE: 116
ADDRESS: 99032968 MEM_SIZE: 134217728 REPLACEMENT_VALUE: 14
ADDRESS: 129650016 MEM_SIZE: 134217728 REPLACEMENT_VALUE: 233
ADDRESS: 91389679 MEM_SIZE: 134217728 REPLACEMENT_VALUE: 154
ADDRESS: 106854791 MEM_SIZE: 134217728 REPLACEMENT_VALUE: 55
ADDRESS: 92260989 MEM_SIZE: 134217728 REPLACEMENT_VALUE: 185
ADDRESS: 126551627 MEM_SIZE: 134217728 REPLACEMENT_VALUE: 105
ADDRESS: 85515947 MEM_SIZE: 134217728 REPLACEMENT_VALUE: 170
ADDRESS: 11650316 MEM_SIZE: 134217728 REPLACEMENT_VALUE: 228
ADDRESS: 56663570 MEM_SIZE: 134217728 REPLACEMENT_VALUE: 125
ADDRESS: 133654269 MEM_SIZE: 134217728 REPLACEMENT_VALUE: 239
ADDRESS: 38781039 MEM_SIZE: 134217728 REPLACEMENT_VALUE: 162
ADDRESS: 15215005 MEM_SIZE: 134217728 REPLACEMENT_VALUE: 79
ADDRESS: 126988389 MEM_SIZE: 134217728 REPLACEMENT_VALUE: 166
ADDRESS: 9847393 MEM_SIZE: 134217728 REPLACEMENT_VALUE: 224
ADDRESS: 132875519 MEM_SIZE: 134217728 REPLACEMENT_VALUE: 82
ADDRESS: 108478774 MEM_SIZE: 134217728 REPLACEMENT_VALUE: 4
ADDRESS: 99855905 MEM_SIZE: 134217728 REPLACEMENT_VALUE: 148
ADDRESS: 70719291 MEM_SIZE: 134217728 REPLACEMENT_VALUE: 198
ADDRESS: 92330518 MEM_SIZE: 134217728 REPLACEMENT_VALUE: 235
ADDRESS: 127501217 MEM_SIZE: 134217728 REPLACEMENT_VALUE: 140
ADDRESS: 114163099 MEM_SIZE: 134217728 REPLACEMENT_VALUE: 234
ADDRESS: 107089925 MEM_SIZE: 134217728 REPLACEMENT_VALUE: 53
ADDRESS: 95333771 MEM_SIZE: 134217728 REPLACEMENT_VALUE: 9
ADDRESS: 58068754 MEM_SIZE: 134217728 REPLACEMENT_VALUE: 81
ADDRESS: 20861669 MEM_SIZE: 134217728 REPLACEMENT_VALUE: 6
ADDRESS: 99514915 MEM_SIZE: 134217728 REPLACEMENT_VALUE: 248
ADDRESS: 133305434 MEM_SIZE: 134217728 REPLACEMENT_VALUE: 161
ADDRESS: 89485581 MEM_SIZE: 134217728 REPLACEMENT_VALUE: 88
ADDRESS: 112270093 MEM_SIZE: 134217728 REPLACEMENT_VALUE: 19
ADDRESS: 50490176 MEM_SIZE: 134217728 REPLACEMENT_VALUE: 111
ADDRESS: 98312212 MEM_SIZE: 134217728 REPLACEMENT_VALUE: 15
ADDRESS: 74400916 MEM_SIZE: 134217728 REPLACEMENT_VALUE: 71
ADDRESS: 128662285 MEM_SIZE: 134217728 REPLACEMENT_VALUE: 225
ADDRESS: 120978245 MEM_SIZE: 134217728 REPLACEMENT_VALUE: 210
ADDRESS: 54258834 MEM_SIZE: 134217728 REPLACEMENT_VALUE: 139
ADDRESS: 2931128 MEM_SIZE: 134217728 REPLACEMENT_VALUE: 115
ADDRESS: 99879123 MEM_SIZE: 134217728 REPLACEMENT_VALUE: 84
ADDRESS: 99665524 MEM_SIZE: 134217728 REPLACEMENT_VALUE: 12
ADDRESS: 94543566 MEM_SIZE: 134217728 REPLACEMENT_VALUE: 195
ADDRESS: 78774780 MEM_SIZE: 134217728 REPLACEMENT_VALUE: 228
ADDRESS: 81021845 MEM_SIZE: 134217728 REPLACEMENT_VALUE: 158
ADDRESS: 40830216 MEM_SIZE: 134217728 REPLACEMENT_VALUE: 114
ADDRESS: 24584159 MEM_SIZE: 134217728 REPLACEMENT_VALUE: 167
ADDRESS: 71967919 MEM_SIZE: 134217728 REPLACEMENT_VALUE: 135
ADDRESS: 95431043 MEM_SIZE: 134217728 REPLACEMENT_VALUE: 4
ADDRESS: 113564409 MEM_SIZE: 134217728 REPLACEMENT_VALUE: 160
==========================[ BLAST END ]==========================
Client sent data: 2,200
==========================[ BLAST START ]==========================
ADDRESS: 62526033 MEM_SIZE: 134217728 REPLACEMENT_VALUE: 21
ADDRESS: 14725196 MEM_SIZE: 134217728 REPLACEMENT_VALUE: 211
ADDRESS: 25219276 MEM_SIZE: 134217728 REPLACEMENT_VALUE: 193
ADDRESS: 66284732 MEM_SIZE: 134217728 REPLACEMENT_VALUE: 106
ADDRESS: 63739567 MEM_SIZE: 134217728 REPLACEMENT_VALUE: 41
ADDRESS: 122057185 MEM_SIZE: 134217728 REPLACEMENT_VALUE: 85
ADDRESS: 6763221 MEM_SIZE: 134217728 REPLACEMENT_VALUE: 5
ADDRESS: 58116862 MEM_SIZE: 134217728 REPLACEMENT_VALUE: 245
ADDRESS: 82606745 MEM_SIZE: 134217728 REPLACEMENT_VALUE: 238
ADDRESS: 131604670 MEM_SIZE: 134217728 REPLACEMENT_VALUE: 125
ADDRESS: 127235837 MEM_SIZE: 134217728 REPLACEMENT_VALUE: 154
ADDRESS: 79079567 MEM_SIZE: 134217728 REPLACEMENT_VALUE: 154
ADDRESS: 133561065 MEM_SIZE: 134217728 REPLACEMENT_VALUE: 99
ADDRESS: 128550009 MEM_SIZE: 134217728 REPLACEMENT_VALUE: 211
ADDRESS: 104492332 MEM_SIZE: 134217728 REPLACEMENT_VALUE: 9
ADDRESS: 33994342 MEM_SIZE: 134217728 REPLACEMENT_VALUE: 91
ADDRESS: 62050 MEM_SIZE: 134217728 REPLACEMENT_VALUE: 12
ADDRESS: 107824622 MEM_SIZE: 134217728 REPLACEMENT_VALUE: 148
ADDRESS: 69870866 MEM_SIZE: 134217728 REPLACEMENT_VALUE: 40
ADDRESS: 5795265 MEM_SIZE: 134217728 REPLACEMENT_VALUE: 195
ADDRESS: 92796477 MEM_SIZE: 134217728 REPLACEMENT_VALUE: 88
ADDRESS: 120947608 MEM_SIZE: 134217728 REPLACEMENT_VALUE: 152
ADDRESS: 51221369 MEM_SIZE: 134217728 REPLACEMENT_VALUE: 244
ADDRESS: 120915612 MEM_SIZE: 134217728 REPLACEMENT_VALUE: 154
ADDRESS: 25934898 MEM_SIZE: 134217728 REPLACEMENT_VALUE: 14
ADDRESS: 22734907 MEM_SIZE: 134217728 REPLACEMENT_VALUE: 140
ADDRESS: 125157761 MEM_SIZE: 134217728 REPLACEMENT_VALUE: 194
ADDRESS: 122041182 MEM_SIZE: 134217728 REPLACEMENT_VALUE: 186
ADDRESS: 18075338 MEM_SIZE: 134217728 REPLACEMENT_VALUE: 253
ADDRESS: 127961859 MEM_SIZE: 134217728 REPLACEMENT_VALUE: 175
ADDRESS: 113054783 MEM_SIZE: 134217728 REPLACEMENT_VALUE: 91
ADDRESS: 21150580 MEM_SIZE: 134217728 REPLACEMENT_VALUE: 164
ADDRESS: 76458012 MEM_SIZE: 134217728 REPLACEMENT_VALUE: 59
ADDRESS: 4180432 MEM_SIZE: 134217728 REPLACEMENT_VALUE: 180
ADDRESS: 34649100 MEM_SIZE: 134217728 REPLACEMENT_VALUE: 185
ADDRESS: 11503855 MEM_SIZE: 134217728 REPLACEMENT_VALUE: 179
ADDRESS: 3610419 MEM_SIZE: 134217728 REPLACEMENT_VALUE: 145
ADDRESS: 92787547 MEM_SIZE: 134217728 REPLACEMENT_VALUE: 239
ADDRESS: 43080479 MEM_SIZE: 134217728 REPLACEMENT_VALUE: 218
ADDRESS: 54442175 MEM_SIZE: 134217728 REPLACEMENT_VALUE: 233
ADDRESS: 63570258 MEM_SIZE: 134217728 REPLACEMENT_VALUE: 162
ADDRESS: 87968384 MEM_SIZE: 134217728 REPLACEMENT_VALUE: 17
ADDRESS: 44773829 MEM_SIZE: 134217728 REPLACEMENT_VALUE: 29
ADDRESS: 44793662 MEM_SIZE: 134217728 REPLACEMENT_VALUE: 139
ADDRESS: 57947574 MEM_SIZE: 134217728 REPLACEMENT_VALUE: 217
ADDRESS: 51199110 MEM_SIZE: 134217728 REPLACEMENT_VALUE: 162
ADDRESS: 66276267 MEM_SIZE: 134217728 REPLACEMENT_VALUE: 70
ADDRESS: 15683734 MEM_SIZE: 134217728 REPLACEMENT_VALUE: 157
ADDRESS: 67107164 MEM_SIZE: 134217728 REPLACEMENT_VALUE: 1
ADDRESS: 20627702 MEM_SIZE: 134217728 REPLACEMENT_VALUE: 100
ADDRESS: 29839863 MEM_SIZE: 134217728 REPLACEMENT_VALUE: 75
ADDRESS: 94984113 MEM_SIZE: 134217728 REPLACEMENT_VALUE: 204
ADDRESS: 30365293 MEM_SIZE: 134217728 REPLACEMENT_VALUE: 228
ADDRESS: 88282072 MEM_SIZE: 134217728 REPLACEMENT_VALUE: 226
ADDRESS: 133039364 MEM_SIZE: 134217728 REPLACEMENT_VALUE: 70
ADDRESS: 8243421 MEM_SIZE: 134217728 REPLACEMENT_VALUE: 40
ADDRESS: 85683602 MEM_SIZE: 134217728 REPLACEMENT_VALUE: 66
ADDRESS: 116902186 MEM_SIZE: 134217728 REPLACEMENT_VALUE: 205
ADDRESS: 37785916 MEM_SIZE: 134217728 REPLACEMENT_VALUE: 133
ADDRESS: 59088872 MEM_SIZE: 134217728 REPLACEMENT_VALUE: 123
ADDRESS: 66015914 MEM_SIZE: 134217728 REPLACEMENT_VALUE: 20
ADDRESS: 132518119 MEM_SIZE: 134217728 REPLACEMENT_VALUE: 22
ADDRESS: 48419945 MEM_SIZE: 134217728 REPLACEMENT_VALUE: 228
ADDRESS: 6591004 MEM_SIZE: 134217728 REPLACEMENT_VALUE: 220
ADDRESS: 33848292 MEM_SIZE: 134217728 REPLACEMENT_VALUE: 6
ADDRESS: 83065646 MEM_SIZE: 134217728 REPLACEMENT_VALUE: 160
ADDRESS: 59350264 MEM_SIZE: 134217728 REPLACEMENT_VALUE: 89
ADDRESS: 97138438 MEM_SIZE: 134217728 REPLACEMENT_VALUE: 47
ADDRESS: 97385964 MEM_SIZE: 134217728 REPLACEMENT_VALUE: 169
ADDRESS: 28943602 MEM_SIZE: 134217728 REPLACEMENT_VALUE: 253
ADDRESS: 59709302 MEM_SIZE: 134217728 REPLACEMENT_VALUE: 222
ADDRESS: 24381767 MEM_SIZE: 134217728 REPLACEMENT_VALUE: 88
ADDRESS: 133398829 MEM_SIZE: 134217728 REPLACEMENT_VALUE: 223
ADDRESS: 7414880 MEM_SIZE: 134217728 REPLACEMENT_VALUE: 2
ADDRESS: 34544346 MEM_SIZE: 134217728 REPLACEMENT_VALUE: 127
ADDRESS: 132700507 MEM_SIZE: 134217728 REPLACEMENT_VALUE: 70
ADDRESS: 42574007 MEM_SIZE: 134217728 REPLACEMENT_VALUE: 27
ADDRESS: 98634713 MEM_SIZE: 134217728 REPLACEMENT_VALUE: 111
ADDRESS: 10767295 MEM_SIZE: 134217728 REPLACEMENT_VALUE: 15
ADDRESS: 72303333 MEM_SIZE: 134217728 REPLACEMENT_VALUE: 102
ADDRESS: 132444424 MEM_SIZE: 134217728 REPLACEMENT_VALUE: 141
ADDRESS: 108303743 MEM_SIZE: 134217728 REPLACEMENT_VALUE: 104
ADDRESS: 64983283 MEM_SIZE: 134217728 REPLACEMENT_VALUE: 244
ADDRESS: 13074789 MEM_SIZE: 134217728 REPLACEMENT_VALUE: 37
ADDRESS: 122427236 MEM_SIZE: 134217728 REPLACEMENT_VALUE: 41
ADDRESS: 124359120 MEM_SIZE: 134217728 REPLACEMENT_VALUE: 15
ADDRESS: 79205415 MEM_SIZE: 134217728 REPLACEMENT_VALUE: 201
ADDRESS: 59093986 MEM_SIZE: 134217728 REPLACEMENT_VALUE: 42
ADDRESS: 21589385 MEM_SIZE: 134217728 REPLACEMENT_VALUE: 142
ADDRESS: 115353533 MEM_SIZE: 134217728 REPLACEMENT_VALUE: 143
ADDRESS: 133012619 MEM_SIZE: 134217728 REPLACEMENT_VALUE: 41
ADDRESS: 22476263 MEM_SIZE: 134217728 REPLACEMENT_VALUE: 33
ADDRESS: 110619482 MEM_SIZE: 134217728 REPLACEMENT_VALUE: 49
ADDRESS: 132362850 MEM_SIZE: 134217728 REPLACEMENT_VALUE: 195
ADDRESS: 92118966 MEM_SIZE: 134217728 REPLACEMENT_VALUE: 220
ADDRESS: 31784637 MEM_SIZE: 134217728 REPLACEMENT_VALUE: 214
ADDRESS: 91599707 MEM_SIZE: 134217728 REPLACEMENT_VALUE: 50
ADDRESS: 13704894 MEM_SIZE: 134217728 REPLACEMENT_VALUE: 81
ADDRESS: 77095105 MEM_SIZE: 134217728 REPLACEMENT_VALUE: 213
ADDRESS: 50516782 MEM_SIZE: 134217728 REPLACEMENT_VALUE: 197
ADDRESS: 68798075 MEM_SIZE: 134217728 REPLACEMENT_VALUE: 26
ADDRESS: 113223423 MEM_SIZE: 134217728 REPLACEMENT_VALUE: 8
ADDRESS: 55181334 MEM_SIZE: 134217728 REPLACEMENT_VALUE: 188
ADDRESS: 92172278 MEM_SIZE: 134217728 REPLACEMENT_VALUE: 14
ADDRESS: 104608549 MEM_SIZE: 134217728 REPLACEMENT_VALUE: 221
ADDRESS: 132904451 MEM_SIZE: 134217728 REPLACEMENT_VALUE: 215
ADDRESS: 52926667 MEM_SIZE: 134217728 REPLACEMENT_VALUE: 115
ADDRESS: 10554611 MEM_SIZE: 134217728 REPLACEMENT_VALUE: 202
ADDRESS: 8056235 MEM_SIZE: 134217728 REPLACEMENT_VALUE: 10
ADDRESS: 16497470 MEM_SIZE: 134217728 REPLACEMENT_VALUE: 101
ADDRESS: 79148189 MEM_SIZE: 134217728 REPLACEMENT_VALUE: 184
ADDRESS: 56303135 MEM_SIZE: 134217728 REPLACEMENT_VALUE: 208
ADDRESS: 54152759 MEM_SIZE: 134217728 REPLACEMENT_VALUE: 122
ADDRESS: 58895431 MEM_SIZE: 134217728 REPLACEMENT_VALUE: 146
ADDRESS: 96787713 MEM_SIZE: 134217728 REPLACEMENT_VALUE: 152
ADDRESS: 62334750 MEM_SIZE: 134217728 REPLACEMENT_VALUE: 80
ADDRESS: 15852660 MEM_SIZE: 134217728 REPLACEMENT_VALUE: 173
ADDRESS: 45153822 MEM_SIZE: 134217728 REPLACEMENT_VALUE: 23
ADDRESS: 79440128 MEM_SIZE: 134217728 REPLACEMENT_VALUE: 10
ADDRESS: 13586986 MEM_SIZE: 134217728 REPLACEMENT_VALUE: 180
ADDRESS: 76416455 MEM_SIZE: 134217728 REPLACEMENT_VALUE: 66
ADDRESS: 19016661 MEM_SIZE: 134217728 REPLACEMENT_VALUE: 237
ADDRESS: 33436697 MEM_SIZE: 134217728 REPLACEMENT_VALUE: 6
ADDRESS: 24453815 MEM_SIZE: 134217728 REPLACEMENT_VALUE: 217
ADDRESS: 38271006 MEM_SIZE: 134217728 REPLACEMENT_VALUE: 70
ADDRESS: 7450406 MEM_SIZE: 134217728 REPLACEMENT_VALUE: 118
ADDRESS: 89233393 MEM_SIZE: 134217728 REPLACEMENT_VALUE: 250
ADDRESS: 19731636 MEM_SIZE: 134217728 REPLACEMENT_VALUE: 234
ADDRESS: 133761571 MEM_SIZE: 134217728 REPLACEMENT_VALUE: 233
ADDRESS: 6198561 MEM_SIZE: 134217728 REPLACEMENT_VALUE: 71
ADDRESS: 53821553 MEM_SIZE: 134217728 REPLACEMENT_VALUE: 86
ADDRESS: 127699616 MEM_SIZE: 134217728 REPLACEMENT_VALUE: 53
ADDRESS: 109873758 MEM_SIZE: 134217728 REPLACEMENT_VALUE: 238
ADDRESS: 6490480 MEM_SIZE: 134217728 REPLACEMENT_VALUE: 109
ADDRESS: 41744082 MEM_SIZE: 134217728 REPLACEMENT_VALUE: 113
ADDRESS: 104927107 MEM_SIZE: 134217728 REPLACEMENT_VALUE: 223
ADDRESS: 32351176 MEM_SIZE: 134217728 REPLACEMENT_VALUE: 46
ADDRESS: 113285931 MEM_SIZE: 134217728 REPLACEMENT_VALUE: 232
ADDRESS: 19297313 MEM_SIZE: 134217728 REPLACEMENT_VALUE: 6
ADDRESS: 107280806 MEM_SIZE: 134217728 REPLACEMENT_VALUE: 69
ADDRESS: 44473303 MEM_SIZE: 134217728 REPLACEMENT_VALUE: 130
ADDRESS: 40769786 MEM_SIZE: 134217728 REPLACEMENT_VALUE: 76
ADDRESS: 44267025 MEM_SIZE: 134217728 REPLACEMENT_VALUE: 131
ADDRESS: 8657393 MEM_SIZE: 134217728 REPLACEMENT_VALUE: 115
ADDRESS: 4910763 MEM_SIZE: 134217728 REPLACEMENT_VALUE: 180
ADDRESS: 5924696 MEM_SIZE: 134217728 REPLACEMENT_VALUE: 238
ADDRESS: 83389266 MEM_SIZE: 134217728 REPLACEMENT_VALUE: 81
ADDRESS: 128406530 MEM_SIZE: 134217728 REPLACEMENT_VALUE: 142
ADDRESS: 38042294 MEM_SIZE: 134217728 REPLACEMENT_VALUE: 241
ADDRESS: 114141454 MEM_SIZE: 134217728 REPLACEMENT_VALUE: 56
ADDRESS: 20756748 MEM_SIZE: 134217728 REPLACEMENT_VALUE: 157
ADDRESS: 63729185 MEM_SIZE: 134217728 REPLACEMENT_VALUE: 151
ADDRESS: 74576874 MEM_SIZE: 134217728 REPLACEMENT_VALUE: 228
ADDRESS: 118895798 MEM_SIZE: 134217728 REPLACEMENT_VALUE: 129
ADDRESS: 46319406 MEM_SIZE: 134217728 REPLACEMENT_VALUE: 67
ADDRESS: 17224778 MEM_SIZE: 134217728 REPLACEMENT_VALUE: 56
ADDRESS: 72472360 MEM_SIZE: 134217728 REPLACEMENT_VALUE: 2
ADDRESS: 90281678 MEM_SIZE: 134217728 REPLACEMENT_VALUE: 195
ADDRESS: 118495987 MEM_SIZE: 134217728 REPLACEMENT_VALUE: 187
ADDRESS: 26332526 MEM_SIZE: 134217728 REPLACEMENT_VALUE: 114
ADDRESS: 113795026 MEM_SIZE: 134217728 REPLACEMENT_VALUE: 241
ADDRESS: 47921339 MEM_SIZE: 134217728 REPLACEMENT_VALUE: 251
ADDRESS: 31663807 MEM_SIZE: 134217728 REPLACEMENT_VALUE: 7
ADDRESS: 122011861 MEM_SIZE: 134217728 REPLACEMENT_VALUE: 131
ADDRESS: 42789423 MEM_SIZE: 134217728 REPLACEMENT_VALUE: 134
ADDRESS: 15274750 MEM_SIZE: 134217728 REPLACEMENT_VALUE: 219
ADDRESS: 52568693 MEM_SIZE: 134217728 REPLACEMENT_VALUE: 211
ADDRESS: 116654096 MEM_SIZE: 134217728 REPLACEMENT_VALUE: 113
ADDRESS: 121801324 MEM_SIZE: 134217728 REPLACEMENT_VALUE: 116
ADDRESS: 86802026 MEM_SIZE: 134217728 REPLACEMENT_VALUE: 36
ADDRESS: 59073315 MEM_SIZE: 134217728 REPLACEMENT_VALUE: 184
ADDRESS: 124695713 MEM_SIZE: 134217728 REPLACEMENT_VALUE: 125
ADDRESS: 27803640 MEM_SIZE: 134217728 REPLACEMENT_VALUE: 223
ADDRESS: 114067334 MEM_SIZE: 134217728 REPLACEMENT_VALUE: 64
ADDRESS: 45481007 MEM_SIZE: 134217728 REPLACEMENT_VALUE: 247
ADDRESS: 1270922 MEM_SIZE: 134217728 REPLACEMENT_VALUE: 13
ADDRESS: 38439355 MEM_SIZE: 134217728 REPLACEMENT_VALUE: 20
ADDRESS: 88024869 MEM_SIZE: 134217728 REPLACEMENT_VALUE: 173
ADDRESS: 91302402 MEM_SIZE: 134217728 REPLACEMENT_VALUE: 147
ADDRESS: 5591537 MEM_SIZE: 134217728 REPLACEMENT_VALUE: 147
ADDRESS: 43536862 MEM_SIZE: 134217728 REPLACEMENT_VALUE: 235
ADDRESS: 63420269 MEM_SIZE: 134217728 REPLACEMENT_VALUE: 191
ADDRESS: 99870223 MEM_SIZE: 134217728 REPLACEMENT_VALUE: 99
ADDRESS: 89033394 MEM_SIZE: 134217728 REPLACEMENT_VALUE: 120
ADDRESS: 12971076 MEM_SIZE: 134217728 REPLACEMENT_VALUE: 162
ADDRESS: 121356823 MEM_SIZE: 134217728 REPLACEMENT_VALUE: 15
ADDRESS: 11426768 MEM_SIZE: 134217728 REPLACEMENT_VALUE: 247
ADDRESS: 69372340 MEM_SIZE: 134217728 REPLACEMENT_VALUE: 21
ADDRESS: 58376743 MEM_SIZE: 134217728 REPLACEMENT_VALUE: 77
ADDRESS: 51312308 MEM_SIZE: 134217728 REPLACEMENT_VALUE: 115
ADDRESS: 55404078 MEM_SIZE: 134217728 REPLACEMENT_VALUE: 8
ADDRESS: 128916055 MEM_SIZE: 134217728 REPLACEMENT_VALUE: 175
ADDRESS: 101775492 MEM_SIZE: 134217728 REPLACEMENT_VALUE: 10
ADDRESS: 29728869 MEM_SIZE: 134217728 REPLACEMENT_VALUE: 55
ADDRESS: 24324471 MEM_SIZE: 134217728 REPLACEMENT_VALUE: 141
ADDRESS: 58734264 MEM_SIZE: 134217728 REPLACEMENT_VALUE: 56
ADDRESS: 56186693 MEM_SIZE: 134217728 REPLACEMENT_VALUE: 186
ADDRESS: 29749160 MEM_SIZE: 134217728 REPLACEMENT_VALUE: 57
ADDRESS: 33793443 MEM_SIZE: 134217728 REPLACEMENT_VALUE: 40
ADDRESS: 109293009 MEM_SIZE: 134217728 REPLACEMENT_VALUE: 117
==========================[ BLAST END ]==========================
